<?xml version="1.0" encoding="UTF-8"?>
<testng-results ignored="0" total="1" passed="1" failed="0" skipped="0">
  <reporter-output>
  </reporter-output>
  <suite started-at="2022-03-06T17:20:21 BDT" name="Default suite" finished-at="2022-03-06T17:20:40 BDT" duration-ms="18913">
    <groups>
    </groups>
    <test started-at="2022-03-06T17:20:21 BDT" name="Default test" finished-at="2022-03-06T17:20:40 BDT" duration-ms="18913">
      <class name="demo.TestNGTodo">
        <test-method is-config="true" signature="setUp()[pri:0, instance:demo.TestNGTodo@59309333]" started-at="2022-03-06T17:20:21 BDT" name="setUp" finished-at="2022-03-06T17:20:28 BDT" duration-ms="7699" status="PASS">
          <reporter-output>
          </reporter-output>
        </test-method> <!-- setUp -->
        <test-method signature="testSimple()[pri:0, instance:demo.TestNGTodo@59309333]" started-at="2022-03-06T17:20:28 BDT" name="testSimple" finished-at="2022-03-06T17:20:38 BDT" duration-ms="9268" status="PASS">
          <reporter-output>
          </reporter-output>
        </test-method> <!-- testSimple -->
        <test-method is-config="true" signature="tearDown()[pri:0, instance:demo.TestNGTodo@59309333]" started-at="2022-03-06T17:20:38 BDT" name="tearDown" finished-at="2022-03-06T17:20:40 BDT" duration-ms="1899" status="PASS">
          <reporter-output>
          </reporter-output>
        </test-method> <!-- tearDown -->
      </class> <!-- demo.TestNGTodo -->
    </test> <!-- Default test -->
  </suite> <!-- Default suite -->
</testng-results>
